\BOOKMARK [1][-]{section.1}{\376\377\000I\000n\000t\000r\000o\000d\000u\000c\000t\000i\000o\000n}{}% 1
\BOOKMARK [1][-]{section.2}{\376\377\000M\000o\000t\000i\000v\000a\000t\000i\000o\000n\000\040\000-\000\040\000T\000h\000e\000\040\000R\000e\000l\000a\000t\000i\000v\000i\000t\000y\000\040\000o\000f\000\040\000I\000n\000f\000o\000r\000m\000a\000t\000i\000o\000n\000\040\000F\000r\000a\000m\000e\000s}{}% 2
\BOOKMARK [1][-]{section.3}{\376\377\000B\000a\000c\000k\000g\000r\000o\000u\000n\000d}{}% 3
\BOOKMARK [2][-]{subsection.3.1}{\376\377\000M\000e\000a\000s\000u\000r\000e\000\040\000T\000h\000e\000o\000r\000y}{section.3}% 4
\BOOKMARK [2][-]{subsection.3.2}{\376\377\000C\000o\000n\000t\000e\000x\000t\000u\000a\000l\000i\000t\000y}{section.3}% 5
\BOOKMARK [1][-]{section.4}{\376\377\000S\000t\000r\000u\000c\000t\000u\000r\000a\000l\000\040\000C\000o\000n\000t\000e\000x\000t\000u\000a\000l\000i\000t\000y}{}% 6
\BOOKMARK [1][-]{section.5}{\376\377\000T\000h\000e\000\040\000R\000e\000l\000a\000t\000i\000v\000i\000t\000y\000\040\000O\000f\000\040\000I\000n\000f\000o\000r\000m\000a\000t\000i\000o\000n\000\040\000F\000r\000a\000m\000e\000s}{}% 7
\BOOKMARK [2][-]{subsection.5.1}{\376\377\000I\000n\000f\000o\000r\000m\000a\000t\000i\000o\000n\000\040\000F\000r\000a\000m\000e\000s}{section.5}% 8
\BOOKMARK [2][-]{subsection.5.2}{\376\377\000A\000d\000m\000i\000s\000s\000i\000b\000l\000e\000\040\000M\000a\000p\000s\000:\000\040\000I\000n\000v\000e\000r\000t\000a\000b\000l\000e\000\040\000D\000e\000t\000e\000r\000m\000i\000n\000i\000s\000t\000i\000c\000\040\000C\000h\000a\000n\000n\000e\000l\000s\000.}{section.5}% 9
\BOOKMARK [1][-]{section.6}{\376\377\000T\000h\000e\000\040\000J\000o\000i\000n\000t\000\040\000F\000r\000a\000m\000e\000s}{}% 10
\BOOKMARK [2][-]{subsection.6.1}{\376\377\000T\000h\000e\000\040\000A\000d\000m\000i\000s\000s\000i\000b\000l\000e\000\040\000-\000a\000l\000g\000e\000b\000r\000a\000s}{section.6}% 11
\BOOKMARK [2][-]{subsection.6.2}{\376\377\000T\000h\000e\000\040\000P\000o\000i\000n\000t\000e\000r\000\040\000F\000r\000a\000m\000e}{section.6}% 12
\BOOKMARK [1][-]{section.7}{\376\377\000T\000h\000e\000\040\000R\000e\000l\000a\000t\000i\000v\000i\000t\000y\000\040\000o\000f\000\040\000I\000n\000f\000o\000r\000m\000a\000t\000i\000o\000n\000\040\000F\000r\000a\000m\000e\000s}{}% 13
\BOOKMARK [2][-]{subsection.7.1}{\376\377\000T\000h\000e\000\040\000S\000y\000m\000m\000e\000t\000r\000y\000\040\000O\000f\000\040\000I\000n\000f\000o\000r\000m\000a\000t\000i\000o\000n}{section.7}% 14
\BOOKMARK [2][-]{subsection.7.2}{\376\377\000S\000y\000m\000m\000e\000t\000r\000y\000\040\000B\000r\000e\000a\000k\000i\000n\000g\000:\000\040\000C\000o\000l\000l\000a\000p\000s\000e}{section.7}% 15
\BOOKMARK [1][-]{section.8}{\376\377\000H\000i\000l\000b\000e\000r\000t\000\040\000S\000p\000a\000c\000e}{}% 16
\BOOKMARK [2][-]{subsection.8.1}{\376\377\000T\000h\000e\000\040\000L\000a\000t\000t\000i\000c\000e\000\040\000o\000f\000\040\000A\000d\000m\000i\000s\000s\000i\000b\000l\000e\000\040\000J\000o\000i\000n\000t\000\040\000F\000r\000a\000m\000e\000s}{section.8}% 17
\BOOKMARK [2][-]{subsection.8.2}{\376\377\000O\000r\000t\000h\000o\000g\000o\000n\000a\000l\000i\000t\000y}{section.8}% 18
\BOOKMARK [2][-]{subsection.8.3}{\376\377\000G\000l\000e\000a\000n\000s\000o\000n\000\040\000T\000h\000e\000o\000r\000e\000m}{section.8}% 19
\BOOKMARK [1][-]{section.9}{\376\377\000B\000o\000r\000n\000\040\000R\000u\000l\000e\000\040\000M\000a\000r\000t\000i\000n\000g\000a\000l\000e}{}% 20
\BOOKMARK [1][-]{section.10}{\376\377\000N\000o\000\040\000G\000l\000o\000b\000a\000l\000\040\000W\000a\000v\000e\000f\000u\000n\000c\000t\000i\000o\000n}{}% 21
\BOOKMARK [1][-]{section.11}{\376\377\000A\000r\000r\000o\000w\000\040\000o\000f\000\040\000T\000i\000m\000e}{}% 22
\BOOKMARK [1][-]{section.12}{\376\377\000M\000a\000r\000k\000o\000v\000i\000a\000n\000i\000t\000y}{}% 23
\BOOKMARK [1][-]{section.13}{\376\377\000W\000i\000g\000n\000e\000r\000'\000s\000\040\000F\000r\000i\000e\000n\000d\000\040\000C\000o\000n\000s\000i\000s\000t\000e\000n\000c\000y}{}% 24
\BOOKMARK [1][-]{section.14}{\376\377\000I\000n\000t\000r\000e\000p\000e\000t\000a\000t\000i\000o\000n\000\040\000a\000n\000d\000\040\000C\000o\000m\000p\000a\000r\000i\000s\000o\000n\000s}{}% 25
\BOOKMARK [2][-]{subsection.14.1}{\376\377\000S\000p\000i\000n\000\040\000E\000x\000a\000m\000p\000l\000e}{section.14}% 26
\BOOKMARK [2][-]{subsection.14.2}{\376\377\000T\000h\000e\000\040\000O\000n\000t\000o\000l\000o\000g\000y\000\040\000o\000f\000\040\000I\000n\000f\000o\000r\000m\000a\000t\000i\000o\000n\000\040\000F\000r\000a\000m\000e\000s}{section.14}% 27
\BOOKMARK [2][-]{subsection.14.3}{\376\377\000C\000o\000m\000p\000a\000r\000i\000s\000o\000n\000s\000\040\000-\000\040\000C\000o\000l\000l\000a\000p\000s\000e\000\040\000M\000o\000d\000e\000l\000s}{section.14}% 28
\BOOKMARK [2][-]{subsection.14.4}{\376\377\000C\000o\000m\000p\000a\000r\000i\000s\000o\000n\000s\000\040\000-\000\040\000I\000n\000t\000r\000e\000p\000e\000t\000a\000t\000i\000o\000n\000s}{section.14}% 29
\BOOKMARK [1][-]{section.15}{\376\377\000C\000o\000n\000c\000l\000u\000s\000i\000o\000n}{}% 30
\BOOKMARK [1][-]{section*.15}{\376\377\000R\000e\000f\000e\000r\000e\000n\000c\000e\000s}{}% 31
